2017-05-14 22:47:09 Warning: Warning (2): Invalid argument supplied for foreach() in [C:\xampp\htdocs\agenda\src\Controller\Component\MenuComponent.php, line 58]
Request URL: /agenda/pages/test
Trace:
Cake\Error\BaseErrorHandler::handleError() - CORE\src\Error\BaseErrorHandler.php, line 146
Cake\Controller\Component\MenuComponent::get() - APP/Controller\Component\MenuComponent.php, line 58
App\Controller\AppController::initialize() - APP/Controller\AppController.php, line 50
Cake\Controller\Controller::__construct() - CORE\src\Controller\Controller.php, line 262
ReflectionClass::newInstance() - [internal], line ??
Cake\Http\ControllerFactory::create() - CORE\src\Http\ControllerFactory.php, line 79
Cake\Http\ActionDispatcher::dispatch() - CORE\src\Http\ActionDispatcher.php, line 93
Cake\Http\BaseApplication::__invoke() - CORE\src\Http\BaseApplication.php, line 83
Cake\Http\Runner::__invoke() - CORE\src\Http\Runner.php, line 65
Cake\Routing\Middleware\RoutingMiddleware::__invoke() - CORE\src\Routing\Middleware\RoutingMiddleware.php, line 52
Cake\Http\Runner::__invoke() - CORE\src\Http\Runner.php, line 65
Cake\Routing\Middleware\AssetMiddleware::__invoke() - CORE\src\Routing\Middleware\AssetMiddleware.php, line 88
Cake\Http\Runner::__invoke() - CORE\src\Http\Runner.php, line 65
Cake\Error\Middleware\ErrorHandlerMiddleware::__invoke() - CORE\src\Error\Middleware\ErrorHandlerMiddleware.php, line 52
Cake\Http\Runner::__invoke() - CORE\src\Http\Runner.php, line 65
Cake\Http\Runner::run() - CORE\src\Http\Runner.php, line 51
Cake\Http\Server::run() - CORE\src\Http\Server.php, line 82
[main] - ROOT\webroot\index.php, line 37



2017-05-14 19:47:10 Warning: Headers already sent in C:\xampp\htdocs\agenda\vendor\cakephp\cakephp\src\Error\Debugger.php:753
2017-05-14 19:47:10 Error: [RuntimeException] Unable to emit response; headers already sent
Request URL: /agenda/pages/test
Stack Trace:
#0 C:\xampp\htdocs\agenda\vendor\cakephp\cakephp\src\Http\Server.php(107): Zend\Diactoros\Response\SapiStreamEmitter->emit(Object(Zend\Diactoros\Response))
#1 C:\xampp\htdocs\agenda\webroot\index.php(37): Cake\Http\Server->emit(Object(Zend\Diactoros\Response))
#2 {main}


2017-05-14 22:47:37 Warning: Warning (2): Invalid argument supplied for foreach() in [C:\xampp\htdocs\agenda\src\Controller\Component\MenuComponent.php, line 59]
Request URL: /agenda/pages/test
Trace:
Cake\Error\BaseErrorHandler::handleError() - CORE\src\Error\BaseErrorHandler.php, line 146
Cake\Controller\Component\MenuComponent::get() - APP/Controller\Component\MenuComponent.php, line 59
App\Controller\AppController::initialize() - APP/Controller\AppController.php, line 50
Cake\Controller\Controller::__construct() - CORE\src\Controller\Controller.php, line 262
ReflectionClass::newInstance() - [internal], line ??
Cake\Http\ControllerFactory::create() - CORE\src\Http\ControllerFactory.php, line 79
Cake\Http\ActionDispatcher::dispatch() - CORE\src\Http\ActionDispatcher.php, line 93
Cake\Http\BaseApplication::__invoke() - CORE\src\Http\BaseApplication.php, line 83
Cake\Http\Runner::__invoke() - CORE\src\Http\Runner.php, line 65
Cake\Routing\Middleware\RoutingMiddleware::__invoke() - CORE\src\Routing\Middleware\RoutingMiddleware.php, line 52
Cake\Http\Runner::__invoke() - CORE\src\Http\Runner.php, line 65
Cake\Routing\Middleware\AssetMiddleware::__invoke() - CORE\src\Routing\Middleware\AssetMiddleware.php, line 88
Cake\Http\Runner::__invoke() - CORE\src\Http\Runner.php, line 65
Cake\Error\Middleware\ErrorHandlerMiddleware::__invoke() - CORE\src\Error\Middleware\ErrorHandlerMiddleware.php, line 52
Cake\Http\Runner::__invoke() - CORE\src\Http\Runner.php, line 65
Cake\Http\Runner::run() - CORE\src\Http\Runner.php, line 51
Cake\Http\Server::run() - CORE\src\Http\Server.php, line 82
[main] - ROOT\webroot\index.php, line 37



2017-05-14 22:48:01 Warning: Warning (2): Invalid argument supplied for foreach() in [C:\xampp\htdocs\agenda\src\Controller\Component\MenuComponent.php, line 59]
Request URL: /agenda/pages/test
Trace:
Cake\Error\BaseErrorHandler::handleError() - CORE\src\Error\BaseErrorHandler.php, line 146
Cake\Controller\Component\MenuComponent::get() - APP/Controller\Component\MenuComponent.php, line 59
App\Controller\AppController::initialize() - APP/Controller\AppController.php, line 50
Cake\Controller\Controller::__construct() - CORE\src\Controller\Controller.php, line 262
ReflectionClass::newInstance() - [internal], line ??
Cake\Http\ControllerFactory::create() - CORE\src\Http\ControllerFactory.php, line 79
Cake\Http\ActionDispatcher::dispatch() - CORE\src\Http\ActionDispatcher.php, line 93
Cake\Http\BaseApplication::__invoke() - CORE\src\Http\BaseApplication.php, line 83
Cake\Http\Runner::__invoke() - CORE\src\Http\Runner.php, line 65
Cake\Routing\Middleware\RoutingMiddleware::__invoke() - CORE\src\Routing\Middleware\RoutingMiddleware.php, line 52
Cake\Http\Runner::__invoke() - CORE\src\Http\Runner.php, line 65
Cake\Routing\Middleware\AssetMiddleware::__invoke() - CORE\src\Routing\Middleware\AssetMiddleware.php, line 88
Cake\Http\Runner::__invoke() - CORE\src\Http\Runner.php, line 65
Cake\Error\Middleware\ErrorHandlerMiddleware::__invoke() - CORE\src\Error\Middleware\ErrorHandlerMiddleware.php, line 52
Cake\Http\Runner::__invoke() - CORE\src\Http\Runner.php, line 65
Cake\Http\Runner::run() - CORE\src\Http\Runner.php, line 51
Cake\Http\Server::run() - CORE\src\Http\Server.php, line 82
[main] - ROOT\webroot\index.php, line 37



2017-05-14 22:49:02 Error: Fatal Error (4): syntax error, unexpected end of file, expecting function (T_FUNCTION) in [C:\xampp\htdocs\agenda\src\Controller\Component\MenuComponent.php, line 59]
Request URL: /agenda/pages/test
Trace:
Cake\Error\BaseErrorHandler::handleFatalError() - CORE\src\Error\BaseErrorHandler.php, line 216
Cake\Error\BaseErrorHandler::Cake\Error\{closure}() - CORE\src\Error\BaseErrorHandler.php, line 98
[main] - [internal], line ??



2017-05-14 22:49:02 Error: [Cake\Error\FatalErrorException] syntax error, unexpected end of file, expecting function (T_FUNCTION)
Request URL: /agenda/pages/test
Stack Trace:
#0 C:\xampp\htdocs\agenda\vendor\cakephp\cakephp\src\Error\BaseErrorHandler.php(98): Cake\Error\BaseErrorHandler->handleFatalError(4, 'syntax error, u...', 'C:\\xampp\\htdocs...', 59)
#1 [internal function]: Cake\Error\BaseErrorHandler->Cake\Error\{closure}()
#2 {main}


2017-05-14 20:57:41 Warning: Warning (2): Invalid argument supplied for foreach() in [C:\xampp\htdocs\agenda\src\Template\Layout\default.ctp, line 95]
Request URL: /agenda/pages/test
Trace:
Cake\Error\BaseErrorHandler::handleError() - CORE\src\Error\BaseErrorHandler.php, line 146
include - APP/Template\Layout\default.ctp, line 95
Cake\View\View::_evaluate() - CORE\src\View\View.php, line 1008
Cake\View\View::_render() - CORE\src\View\View.php, line 967
Cake\View\View::renderLayout() - CORE\src\View\View.php, line 638
Cake\View\View::render() - CORE\src\View\View.php, line 596
Cake\Controller\Controller::render() - CORE\src\Controller\Controller.php, line 617
App\Controller\PagesController::display() - APP/Controller\PagesController.php, line 57
Cake\Controller\Controller::invokeAction() - CORE\src\Controller\Controller.php, line 435
Cake\Http\ActionDispatcher::_invoke() - CORE\src\Http\ActionDispatcher.php, line 122
Cake\Http\ActionDispatcher::dispatch() - CORE\src\Http\ActionDispatcher.php, line 96
Cake\Http\BaseApplication::__invoke() - CORE\src\Http\BaseApplication.php, line 83
Cake\Http\Runner::__invoke() - CORE\src\Http\Runner.php, line 65
Cake\Routing\Middleware\RoutingMiddleware::__invoke() - CORE\src\Routing\Middleware\RoutingMiddleware.php, line 52
Cake\Http\Runner::__invoke() - CORE\src\Http\Runner.php, line 65
Cake\Routing\Middleware\AssetMiddleware::__invoke() - CORE\src\Routing\Middleware\AssetMiddleware.php, line 88
Cake\Http\Runner::__invoke() - CORE\src\Http\Runner.php, line 65
Cake\Error\Middleware\ErrorHandlerMiddleware::__invoke() - CORE\src\Error\Middleware\ErrorHandlerMiddleware.php, line 52
Cake\Http\Runner::__invoke() - CORE\src\Http\Runner.php, line 65
Cake\Http\Runner::run() - CORE\src\Http\Runner.php, line 51
Cake\Http\Server::run() - CORE\src\Http\Server.php, line 82
[main] - ROOT\webroot\index.php, line 37



2017-05-14 23:58:56 Error: Fatal Error (4): syntax error, unexpected ''options'' (T_CONSTANT_ENCAPSED_STRING), expecting ']' in [C:\xampp\htdocs\agenda\src\Controller\Component\MenuComponent.php, line 47]
Request URL: /agenda/pages/test
Trace:
Cake\Error\BaseErrorHandler::handleFatalError() - CORE\src\Error\BaseErrorHandler.php, line 216
Cake\Error\BaseErrorHandler::Cake\Error\{closure}() - CORE\src\Error\BaseErrorHandler.php, line 98
[main] - [internal], line ??



2017-05-14 23:58:56 Error: [Cake\Error\FatalErrorException] syntax error, unexpected ''options'' (T_CONSTANT_ENCAPSED_STRING), expecting ']'
Request URL: /agenda/pages/test
Stack Trace:
#0 C:\xampp\htdocs\agenda\vendor\cakephp\cakephp\src\Error\BaseErrorHandler.php(98): Cake\Error\BaseErrorHandler->handleFatalError(4, 'syntax error, u...', 'C:\\xampp\\htdocs...', 47)
#1 [internal function]: Cake\Error\BaseErrorHandler->Cake\Error\{closure}()
#2 {main}


2017-05-15 00:39:35 Warning: Warning (2): Invalid argument supplied for foreach() in [C:\xampp\htdocs\agenda\src\Controller\Component\MenuComponent.php, line 117]
Request URL: /agenda/pages/test
Trace:
Cake\Error\BaseErrorHandler::handleError() - CORE\src\Error\BaseErrorHandler.php, line 146
Cake\Controller\Component\MenuComponent::get() - APP/Controller\Component\MenuComponent.php, line 117
App\Controller\AppController::initialize() - APP/Controller\AppController.php, line 50
Cake\Controller\Controller::__construct() - CORE\src\Controller\Controller.php, line 262
ReflectionClass::newInstance() - [internal], line ??
Cake\Http\ControllerFactory::create() - CORE\src\Http\ControllerFactory.php, line 79
Cake\Http\ActionDispatcher::dispatch() - CORE\src\Http\ActionDispatcher.php, line 93
Cake\Http\BaseApplication::__invoke() - CORE\src\Http\BaseApplication.php, line 83
Cake\Http\Runner::__invoke() - CORE\src\Http\Runner.php, line 65
Cake\Routing\Middleware\RoutingMiddleware::__invoke() - CORE\src\Routing\Middleware\RoutingMiddleware.php, line 52
Cake\Http\Runner::__invoke() - CORE\src\Http\Runner.php, line 65
Cake\Routing\Middleware\AssetMiddleware::__invoke() - CORE\src\Routing\Middleware\AssetMiddleware.php, line 88
Cake\Http\Runner::__invoke() - CORE\src\Http\Runner.php, line 65
Cake\Error\Middleware\ErrorHandlerMiddleware::__invoke() - CORE\src\Error\Middleware\ErrorHandlerMiddleware.php, line 52
Cake\Http\Runner::__invoke() - CORE\src\Http\Runner.php, line 65
Cake\Http\Runner::run() - CORE\src\Http\Runner.php, line 51
Cake\Http\Server::run() - CORE\src\Http\Server.php, line 82
[main] - ROOT\webroot\index.php, line 37



2017-05-15 00:39:35 Warning: Warning (2): Invalid argument supplied for foreach() in [C:\xampp\htdocs\agenda\src\Controller\Component\MenuComponent.php, line 117]
Request URL: /agenda/pages/test
Trace:
Cake\Error\BaseErrorHandler::handleError() - CORE\src\Error\BaseErrorHandler.php, line 146
Cake\Controller\Component\MenuComponent::get() - APP/Controller\Component\MenuComponent.php, line 117
App\Controller\AppController::initialize() - APP/Controller\AppController.php, line 50
Cake\Controller\Controller::__construct() - CORE\src\Controller\Controller.php, line 262
ReflectionClass::newInstance() - [internal], line ??
Cake\Http\ControllerFactory::create() - CORE\src\Http\ControllerFactory.php, line 79
Cake\Http\ActionDispatcher::dispatch() - CORE\src\Http\ActionDispatcher.php, line 93
Cake\Http\BaseApplication::__invoke() - CORE\src\Http\BaseApplication.php, line 83
Cake\Http\Runner::__invoke() - CORE\src\Http\Runner.php, line 65
Cake\Routing\Middleware\RoutingMiddleware::__invoke() - CORE\src\Routing\Middleware\RoutingMiddleware.php, line 52
Cake\Http\Runner::__invoke() - CORE\src\Http\Runner.php, line 65
Cake\Routing\Middleware\AssetMiddleware::__invoke() - CORE\src\Routing\Middleware\AssetMiddleware.php, line 88
Cake\Http\Runner::__invoke() - CORE\src\Http\Runner.php, line 65
Cake\Error\Middleware\ErrorHandlerMiddleware::__invoke() - CORE\src\Error\Middleware\ErrorHandlerMiddleware.php, line 52
Cake\Http\Runner::__invoke() - CORE\src\Http\Runner.php, line 65
Cake\Http\Runner::run() - CORE\src\Http\Runner.php, line 51
Cake\Http\Server::run() - CORE\src\Http\Server.php, line 82
[main] - ROOT\webroot\index.php, line 37



2017-05-15 00:39:35 Warning: Warning (2): Invalid argument supplied for foreach() in [C:\xampp\htdocs\agenda\src\Controller\Component\MenuComponent.php, line 117]
Request URL: /agenda/pages/test
Trace:
Cake\Error\BaseErrorHandler::handleError() - CORE\src\Error\BaseErrorHandler.php, line 146
Cake\Controller\Component\MenuComponent::get() - APP/Controller\Component\MenuComponent.php, line 117
App\Controller\AppController::initialize() - APP/Controller\AppController.php, line 50
Cake\Controller\Controller::__construct() - CORE\src\Controller\Controller.php, line 262
ReflectionClass::newInstance() - [internal], line ??
Cake\Http\ControllerFactory::create() - CORE\src\Http\ControllerFactory.php, line 79
Cake\Http\ActionDispatcher::dispatch() - CORE\src\Http\ActionDispatcher.php, line 93
Cake\Http\BaseApplication::__invoke() - CORE\src\Http\BaseApplication.php, line 83
Cake\Http\Runner::__invoke() - CORE\src\Http\Runner.php, line 65
Cake\Routing\Middleware\RoutingMiddleware::__invoke() - CORE\src\Routing\Middleware\RoutingMiddleware.php, line 52
Cake\Http\Runner::__invoke() - CORE\src\Http\Runner.php, line 65
Cake\Routing\Middleware\AssetMiddleware::__invoke() - CORE\src\Routing\Middleware\AssetMiddleware.php, line 88
Cake\Http\Runner::__invoke() - CORE\src\Http\Runner.php, line 65
Cake\Error\Middleware\ErrorHandlerMiddleware::__invoke() - CORE\src\Error\Middleware\ErrorHandlerMiddleware.php, line 52
Cake\Http\Runner::__invoke() - CORE\src\Http\Runner.php, line 65
Cake\Http\Runner::run() - CORE\src\Http\Runner.php, line 51
Cake\Http\Server::run() - CORE\src\Http\Server.php, line 82
[main] - ROOT\webroot\index.php, line 37



2017-05-15 00:39:35 Warning: Warning (2): Invalid argument supplied for foreach() in [C:\xampp\htdocs\agenda\src\Controller\Component\MenuComponent.php, line 117]
Request URL: /agenda/pages/test
Trace:
Cake\Error\BaseErrorHandler::handleError() - CORE\src\Error\BaseErrorHandler.php, line 146
Cake\Controller\Component\MenuComponent::get() - APP/Controller\Component\MenuComponent.php, line 117
App\Controller\AppController::initialize() - APP/Controller\AppController.php, line 50
Cake\Controller\Controller::__construct() - CORE\src\Controller\Controller.php, line 262
ReflectionClass::newInstance() - [internal], line ??
Cake\Http\ControllerFactory::create() - CORE\src\Http\ControllerFactory.php, line 79
Cake\Http\ActionDispatcher::dispatch() - CORE\src\Http\ActionDispatcher.php, line 93
Cake\Http\BaseApplication::__invoke() - CORE\src\Http\BaseApplication.php, line 83
Cake\Http\Runner::__invoke() - CORE\src\Http\Runner.php, line 65
Cake\Routing\Middleware\RoutingMiddleware::__invoke() - CORE\src\Routing\Middleware\RoutingMiddleware.php, line 52
Cake\Http\Runner::__invoke() - CORE\src\Http\Runner.php, line 65
Cake\Routing\Middleware\AssetMiddleware::__invoke() - CORE\src\Routing\Middleware\AssetMiddleware.php, line 88
Cake\Http\Runner::__invoke() - CORE\src\Http\Runner.php, line 65
Cake\Error\Middleware\ErrorHandlerMiddleware::__invoke() - CORE\src\Error\Middleware\ErrorHandlerMiddleware.php, line 52
Cake\Http\Runner::__invoke() - CORE\src\Http\Runner.php, line 65
Cake\Http\Runner::run() - CORE\src\Http\Runner.php, line 51
Cake\Http\Server::run() - CORE\src\Http\Server.php, line 82
[main] - ROOT\webroot\index.php, line 37



2017-05-14 21:39:36 Warning: Headers already sent in C:\xampp\htdocs\agenda\vendor\cakephp\cakephp\src\Error\Debugger.php:753
2017-05-14 21:39:36 Error: [RuntimeException] Unable to emit response; headers already sent
Request URL: /agenda/pages/test
Stack Trace:
#0 C:\xampp\htdocs\agenda\vendor\cakephp\cakephp\src\Http\Server.php(107): Zend\Diactoros\Response\SapiStreamEmitter->emit(Object(Zend\Diactoros\Response))
#1 C:\xampp\htdocs\agenda\webroot\index.php(37): Cake\Http\Server->emit(Object(Zend\Diactoros\Response))
#2 {main}


2017-05-15 00:40:28 Warning: Warning (2): Invalid argument supplied for foreach() in [C:\xampp\htdocs\agenda\src\Controller\Component\MenuComponent.php, line 121]
Request URL: /agenda/pages/test
Trace:
Cake\Error\BaseErrorHandler::handleError() - CORE\src\Error\BaseErrorHandler.php, line 146
Cake\Controller\Component\MenuComponent::get() - APP/Controller\Component\MenuComponent.php, line 121
App\Controller\AppController::initialize() - APP/Controller\AppController.php, line 50
Cake\Controller\Controller::__construct() - CORE\src\Controller\Controller.php, line 262
ReflectionClass::newInstance() - [internal], line ??
Cake\Http\ControllerFactory::create() - CORE\src\Http\ControllerFactory.php, line 79
Cake\Http\ActionDispatcher::dispatch() - CORE\src\Http\ActionDispatcher.php, line 93
Cake\Http\BaseApplication::__invoke() - CORE\src\Http\BaseApplication.php, line 83
Cake\Http\Runner::__invoke() - CORE\src\Http\Runner.php, line 65
Cake\Routing\Middleware\RoutingMiddleware::__invoke() - CORE\src\Routing\Middleware\RoutingMiddleware.php, line 52
Cake\Http\Runner::__invoke() - CORE\src\Http\Runner.php, line 65
Cake\Routing\Middleware\AssetMiddleware::__invoke() - CORE\src\Routing\Middleware\AssetMiddleware.php, line 88
Cake\Http\Runner::__invoke() - CORE\src\Http\Runner.php, line 65
Cake\Error\Middleware\ErrorHandlerMiddleware::__invoke() - CORE\src\Error\Middleware\ErrorHandlerMiddleware.php, line 52
Cake\Http\Runner::__invoke() - CORE\src\Http\Runner.php, line 65
Cake\Http\Runner::run() - CORE\src\Http\Runner.php, line 51
Cake\Http\Server::run() - CORE\src\Http\Server.php, line 82
[main] - ROOT\webroot\index.php, line 37



2017-05-15 00:40:28 Warning: Warning (2): Invalid argument supplied for foreach() in [C:\xampp\htdocs\agenda\src\Controller\Component\MenuComponent.php, line 121]
Request URL: /agenda/pages/test
Trace:
Cake\Error\BaseErrorHandler::handleError() - CORE\src\Error\BaseErrorHandler.php, line 146
Cake\Controller\Component\MenuComponent::get() - APP/Controller\Component\MenuComponent.php, line 121
App\Controller\AppController::initialize() - APP/Controller\AppController.php, line 50
Cake\Controller\Controller::__construct() - CORE\src\Controller\Controller.php, line 262
ReflectionClass::newInstance() - [internal], line ??
Cake\Http\ControllerFactory::create() - CORE\src\Http\ControllerFactory.php, line 79
Cake\Http\ActionDispatcher::dispatch() - CORE\src\Http\ActionDispatcher.php, line 93
Cake\Http\BaseApplication::__invoke() - CORE\src\Http\BaseApplication.php, line 83
Cake\Http\Runner::__invoke() - CORE\src\Http\Runner.php, line 65
Cake\Routing\Middleware\RoutingMiddleware::__invoke() - CORE\src\Routing\Middleware\RoutingMiddleware.php, line 52
Cake\Http\Runner::__invoke() - CORE\src\Http\Runner.php, line 65
Cake\Routing\Middleware\AssetMiddleware::__invoke() - CORE\src\Routing\Middleware\AssetMiddleware.php, line 88
Cake\Http\Runner::__invoke() - CORE\src\Http\Runner.php, line 65
Cake\Error\Middleware\ErrorHandlerMiddleware::__invoke() - CORE\src\Error\Middleware\ErrorHandlerMiddleware.php, line 52
Cake\Http\Runner::__invoke() - CORE\src\Http\Runner.php, line 65
Cake\Http\Runner::run() - CORE\src\Http\Runner.php, line 51
Cake\Http\Server::run() - CORE\src\Http\Server.php, line 82
[main] - ROOT\webroot\index.php, line 37



2017-05-15 00:40:28 Warning: Warning (2): Invalid argument supplied for foreach() in [C:\xampp\htdocs\agenda\src\Controller\Component\MenuComponent.php, line 121]
Request URL: /agenda/pages/test
Trace:
Cake\Error\BaseErrorHandler::handleError() - CORE\src\Error\BaseErrorHandler.php, line 146
Cake\Controller\Component\MenuComponent::get() - APP/Controller\Component\MenuComponent.php, line 121
App\Controller\AppController::initialize() - APP/Controller\AppController.php, line 50
Cake\Controller\Controller::__construct() - CORE\src\Controller\Controller.php, line 262
ReflectionClass::newInstance() - [internal], line ??
Cake\Http\ControllerFactory::create() - CORE\src\Http\ControllerFactory.php, line 79
Cake\Http\ActionDispatcher::dispatch() - CORE\src\Http\ActionDispatcher.php, line 93
Cake\Http\BaseApplication::__invoke() - CORE\src\Http\BaseApplication.php, line 83
Cake\Http\Runner::__invoke() - CORE\src\Http\Runner.php, line 65
Cake\Routing\Middleware\RoutingMiddleware::__invoke() - CORE\src\Routing\Middleware\RoutingMiddleware.php, line 52
Cake\Http\Runner::__invoke() - CORE\src\Http\Runner.php, line 65
Cake\Routing\Middleware\AssetMiddleware::__invoke() - CORE\src\Routing\Middleware\AssetMiddleware.php, line 88
Cake\Http\Runner::__invoke() - CORE\src\Http\Runner.php, line 65
Cake\Error\Middleware\ErrorHandlerMiddleware::__invoke() - CORE\src\Error\Middleware\ErrorHandlerMiddleware.php, line 52
Cake\Http\Runner::__invoke() - CORE\src\Http\Runner.php, line 65
Cake\Http\Runner::run() - CORE\src\Http\Runner.php, line 51
Cake\Http\Server::run() - CORE\src\Http\Server.php, line 82
[main] - ROOT\webroot\index.php, line 37



2017-05-15 00:40:28 Warning: Warning (2): Invalid argument supplied for foreach() in [C:\xampp\htdocs\agenda\src\Controller\Component\MenuComponent.php, line 121]
Request URL: /agenda/pages/test
Trace:
Cake\Error\BaseErrorHandler::handleError() - CORE\src\Error\BaseErrorHandler.php, line 146
Cake\Controller\Component\MenuComponent::get() - APP/Controller\Component\MenuComponent.php, line 121
App\Controller\AppController::initialize() - APP/Controller\AppController.php, line 50
Cake\Controller\Controller::__construct() - CORE\src\Controller\Controller.php, line 262
ReflectionClass::newInstance() - [internal], line ??
Cake\Http\ControllerFactory::create() - CORE\src\Http\ControllerFactory.php, line 79
Cake\Http\ActionDispatcher::dispatch() - CORE\src\Http\ActionDispatcher.php, line 93
Cake\Http\BaseApplication::__invoke() - CORE\src\Http\BaseApplication.php, line 83
Cake\Http\Runner::__invoke() - CORE\src\Http\Runner.php, line 65
Cake\Routing\Middleware\RoutingMiddleware::__invoke() - CORE\src\Routing\Middleware\RoutingMiddleware.php, line 52
Cake\Http\Runner::__invoke() - CORE\src\Http\Runner.php, line 65
Cake\Routing\Middleware\AssetMiddleware::__invoke() - CORE\src\Routing\Middleware\AssetMiddleware.php, line 88
Cake\Http\Runner::__invoke() - CORE\src\Http\Runner.php, line 65
Cake\Error\Middleware\ErrorHandlerMiddleware::__invoke() - CORE\src\Error\Middleware\ErrorHandlerMiddleware.php, line 52
Cake\Http\Runner::__invoke() - CORE\src\Http\Runner.php, line 65
Cake\Http\Runner::run() - CORE\src\Http\Runner.php, line 51
Cake\Http\Server::run() - CORE\src\Http\Server.php, line 82
[main] - ROOT\webroot\index.php, line 37



2017-05-14 21:40:28 Warning: Headers already sent in C:\xampp\htdocs\agenda\vendor\cakephp\cakephp\src\Error\Debugger.php:753
2017-05-14 21:40:28 Error: [RuntimeException] Unable to emit response; headers already sent
Request URL: /agenda/pages/test
Stack Trace:
#0 C:\xampp\htdocs\agenda\vendor\cakephp\cakephp\src\Http\Server.php(107): Zend\Diactoros\Response\SapiStreamEmitter->emit(Object(Zend\Diactoros\Response))
#1 C:\xampp\htdocs\agenda\webroot\index.php(37): Cake\Http\Server->emit(Object(Zend\Diactoros\Response))
#2 {main}


2017-05-15 00:42:32 Error: Fatal Error (4): syntax error, unexpected end of file, expecting function (T_FUNCTION) in [C:\xampp\htdocs\agenda\src\Controller\Component\MenuComponent.php, line 159]
Request URL: /agenda/pages/test
Trace:
Cake\Error\BaseErrorHandler::handleFatalError() - CORE\src\Error\BaseErrorHandler.php, line 216
Cake\Error\BaseErrorHandler::Cake\Error\{closure}() - CORE\src\Error\BaseErrorHandler.php, line 98
[main] - [internal], line ??



2017-05-15 00:42:32 Error: [Cake\Error\FatalErrorException] syntax error, unexpected end of file, expecting function (T_FUNCTION)
Request URL: /agenda/pages/test
Stack Trace:
#0 C:\xampp\htdocs\agenda\vendor\cakephp\cakephp\src\Error\BaseErrorHandler.php(98): Cake\Error\BaseErrorHandler->handleFatalError(4, 'syntax error, u...', 'C:\\xampp\\htdocs...', 159)
#1 [internal function]: Cake\Error\BaseErrorHandler->Cake\Error\{closure}()
#2 {main}


2017-05-14 21:42:45 Warning: Headers already sent in C:\xampp\htdocs\agenda\vendor\cakephp\cakephp\src\Error\Debugger.php:753
2017-05-14 21:42:45 Error: [RuntimeException] Unable to emit response; headers already sent
Request URL: /agenda/pages/test
Stack Trace:
#0 C:\xampp\htdocs\agenda\vendor\cakephp\cakephp\src\Http\Server.php(107): Zend\Diactoros\Response\SapiStreamEmitter->emit(Object(Zend\Diactoros\Response))
#1 C:\xampp\htdocs\agenda\webroot\index.php(37): Cake\Http\Server->emit(Object(Zend\Diactoros\Response))
#2 {main}


2017-05-14 21:45:48 Warning: Warning (2): Invalid argument supplied for foreach() in [C:\xampp\htdocs\agenda\src\Template\Layout\default.ctp, line 83]
Request URL: /agenda/pages/test
Trace:
Cake\Error\BaseErrorHandler::handleError() - CORE\src\Error\BaseErrorHandler.php, line 146
include - APP/Template\Layout\default.ctp, line 83
Cake\View\View::_evaluate() - CORE\src\View\View.php, line 1008
Cake\View\View::_render() - CORE\src\View\View.php, line 967
Cake\View\View::renderLayout() - CORE\src\View\View.php, line 638
Cake\View\View::render() - CORE\src\View\View.php, line 596
Cake\Controller\Controller::render() - CORE\src\Controller\Controller.php, line 617
App\Controller\PagesController::display() - APP/Controller\PagesController.php, line 57
Cake\Controller\Controller::invokeAction() - CORE\src\Controller\Controller.php, line 435
Cake\Http\ActionDispatcher::_invoke() - CORE\src\Http\ActionDispatcher.php, line 122
Cake\Http\ActionDispatcher::dispatch() - CORE\src\Http\ActionDispatcher.php, line 96
Cake\Http\BaseApplication::__invoke() - CORE\src\Http\BaseApplication.php, line 83
Cake\Http\Runner::__invoke() - CORE\src\Http\Runner.php, line 65
Cake\Routing\Middleware\RoutingMiddleware::__invoke() - CORE\src\Routing\Middleware\RoutingMiddleware.php, line 52
Cake\Http\Runner::__invoke() - CORE\src\Http\Runner.php, line 65
Cake\Routing\Middleware\AssetMiddleware::__invoke() - CORE\src\Routing\Middleware\AssetMiddleware.php, line 88
Cake\Http\Runner::__invoke() - CORE\src\Http\Runner.php, line 65
Cake\Error\Middleware\ErrorHandlerMiddleware::__invoke() - CORE\src\Error\Middleware\ErrorHandlerMiddleware.php, line 52
Cake\Http\Runner::__invoke() - CORE\src\Http\Runner.php, line 65
Cake\Http\Runner::run() - CORE\src\Http\Runner.php, line 51
Cake\Http\Server::run() - CORE\src\Http\Server.php, line 82
[main] - ROOT\webroot\index.php, line 37



2017-05-14 21:53:40 Warning: Headers already sent in C:\xampp\htdocs\agenda\vendor\cakephp\cakephp\src\Error\Debugger.php:753
2017-05-14 21:53:40 Error: [RuntimeException] Unable to emit response; headers already sent
Request URL: /agenda/pages/test
Stack Trace:
#0 C:\xampp\htdocs\agenda\vendor\cakephp\cakephp\src\Http\Server.php(107): Zend\Diactoros\Response\SapiStreamEmitter->emit(Object(Zend\Diactoros\Response))
#1 C:\xampp\htdocs\agenda\webroot\index.php(37): Cake\Http\Server->emit(Object(Zend\Diactoros\Response))
#2 {main}


2017-05-14 21:54:02 Warning: Headers already sent in C:\xampp\htdocs\agenda\vendor\cakephp\cakephp\src\Error\Debugger.php:753
2017-05-14 21:54:02 Error: [RuntimeException] Unable to emit response; headers already sent
Request URL: /agenda/pages/test
Stack Trace:
#0 C:\xampp\htdocs\agenda\vendor\cakephp\cakephp\src\Http\Server.php(107): Zend\Diactoros\Response\SapiStreamEmitter->emit(Object(Zend\Diactoros\Response))
#1 C:\xampp\htdocs\agenda\webroot\index.php(37): Cake\Http\Server->emit(Object(Zend\Diactoros\Response))
#2 {main}


2017-05-15 02:26:33 Error: Fatal Error (1): Call to a member function allow() on a non-object in [C:\xampp\htdocs\agenda\src\Controller\PagesController.php, line 69]
Request URL: /agenda/pages/test
Trace:
Cake\Error\BaseErrorHandler::handleFatalError() - CORE\src\Error\BaseErrorHandler.php, line 216
Cake\Error\BaseErrorHandler::Cake\Error\{closure}() - CORE\src\Error\BaseErrorHandler.php, line 98
[main] - [internal], line ??



2017-05-15 02:26:33 Error: [Cake\Error\FatalErrorException] Call to a member function allow() on a non-object
Request URL: /agenda/pages/test
Stack Trace:
#0 C:\xampp\htdocs\agenda\vendor\cakephp\cakephp\src\Error\BaseErrorHandler.php(98): Cake\Error\BaseErrorHandler->handleFatalError(1, 'Call to a membe...', 'C:\\xampp\\htdocs...', 69)
#1 [internal function]: Cake\Error\BaseErrorHandler->Cake\Error\{closure}()
#2 {main}


2017-05-15 02:26:43 Error: Fatal Error (1): Call to a member function allow() on a non-object in [C:\xampp\htdocs\agenda\src\Controller\AppController.php, line 80]
Request URL: /agenda/pages/test
Trace:
Cake\Error\BaseErrorHandler::handleFatalError() - CORE\src\Error\BaseErrorHandler.php, line 216
Cake\Error\BaseErrorHandler::Cake\Error\{closure}() - CORE\src\Error\BaseErrorHandler.php, line 98
[main] - [internal], line ??



2017-05-15 02:26:43 Error: [Cake\Error\FatalErrorException] Call to a member function allow() on a non-object
Request URL: /agenda/pages/test
Stack Trace:
#0 C:\xampp\htdocs\agenda\vendor\cakephp\cakephp\src\Error\BaseErrorHandler.php(98): Cake\Error\BaseErrorHandler->handleFatalError(1, 'Call to a membe...', 'C:\\xampp\\htdocs...', 80)
#1 [internal function]: Cake\Error\BaseErrorHandler->Cake\Error\{closure}()
#2 {main}


2017-05-15 00:31:04 Warning: Warning (2): Invalid argument supplied for foreach() in [C:\xampp\htdocs\agenda\src\Template\Users\post.ctp, line 106]
Request URL: /agenda/users/post
Trace:
Cake\Error\BaseErrorHandler::handleError() - CORE\src\Error\BaseErrorHandler.php, line 146
include - APP/Template\Users\post.ctp, line 106
Cake\View\View::_evaluate() - CORE\src\View\View.php, line 1008
Cake\View\View::_render() - CORE\src\View\View.php, line 967
Cake\View\View::render() - CORE\src\View\View.php, line 591
Cake\Controller\Controller::render() - CORE\src\Controller\Controller.php, line 617
Cake\Http\ActionDispatcher::_invoke() - CORE\src\Http\ActionDispatcher.php, line 128
Cake\Http\ActionDispatcher::dispatch() - CORE\src\Http\ActionDispatcher.php, line 96
Cake\Http\BaseApplication::__invoke() - CORE\src\Http\BaseApplication.php, line 83
Cake\Http\Runner::__invoke() - CORE\src\Http\Runner.php, line 65
Cake\Routing\Middleware\RoutingMiddleware::__invoke() - CORE\src\Routing\Middleware\RoutingMiddleware.php, line 52
Cake\Http\Runner::__invoke() - CORE\src\Http\Runner.php, line 65
Cake\Routing\Middleware\AssetMiddleware::__invoke() - CORE\src\Routing\Middleware\AssetMiddleware.php, line 88
Cake\Http\Runner::__invoke() - CORE\src\Http\Runner.php, line 65
Cake\Error\Middleware\ErrorHandlerMiddleware::__invoke() - CORE\src\Error\Middleware\ErrorHandlerMiddleware.php, line 52
Cake\Http\Runner::__invoke() - CORE\src\Http\Runner.php, line 65
Cake\Http\Runner::run() - CORE\src\Http\Runner.php, line 51
Cake\Http\Server::run() - CORE\src\Http\Server.php, line 82
[main] - ROOT\webroot\index.php, line 37



2017-05-20 15:44:35 Error: Fatal Error (1): Call to a member function getAcessosLista() on a non-object in [C:\xampp\htdocs\agenda\src\Controller\UsersController.php, line 46]
Request URL: /agenda/users/put/2
Referer URL: http://localhost/agenda/users
Trace:
Cake\Error\BaseErrorHandler::handleFatalError() - CORE\src\Error\BaseErrorHandler.php, line 216
Cake\Error\BaseErrorHandler::Cake\Error\{closure}() - CORE\src\Error\BaseErrorHandler.php, line 98
[main] - [internal], line ??



2017-05-20 15:44:35 Error: [Cake\Error\FatalErrorException] Call to a member function getAcessosLista() on a non-object
Request URL: /agenda/users/put/2
Referer URL: http://localhost/agenda/users
Stack Trace:
#0 C:\xampp\htdocs\agenda\vendor\cakephp\cakephp\src\Error\BaseErrorHandler.php(98): Cake\Error\BaseErrorHandler->handleFatalError(1, 'Call to a membe...', 'C:\\xampp\\htdocs...', 46)
#1 [internal function]: Cake\Error\BaseErrorHandler->Cake\Error\{closure}()
#2 {main}


2017-05-20 15:46:24 Warning: Warning (2): Invalid argument supplied for foreach() in [C:\xampp\htdocs\agenda\src\Template\Element\Forms\UsersForm.ctp, line 70]
Request URL: /agenda/users/put/2
Referer URL: http://localhost/agenda/users
Trace:
Cake\Error\BaseErrorHandler::handleError() - CORE\src\Error\BaseErrorHandler.php, line 146
include - APP/Template\Element\Forms\UsersForm.ctp, line 70
Cake\View\View::_evaluate() - CORE\src\View\View.php, line 1008
Cake\View\View::_render() - CORE\src\View\View.php, line 967
Cake\View\View::_renderElement() - CORE\src\View\View.php, line 1353
Cake\View\View::element() - CORE\src\View\View.php, line 496
include - APP/Template\Users\put.ctp, line 13
Cake\View\View::_evaluate() - CORE\src\View\View.php, line 1008
Cake\View\View::_render() - CORE\src\View\View.php, line 967
Cake\View\View::render() - CORE\src\View\View.php, line 591
Cake\Controller\Controller::render() - CORE\src\Controller\Controller.php, line 617
Cake\Http\ActionDispatcher::_invoke() - CORE\src\Http\ActionDispatcher.php, line 128
Cake\Http\ActionDispatcher::dispatch() - CORE\src\Http\ActionDispatcher.php, line 96
Cake\Http\BaseApplication::__invoke() - CORE\src\Http\BaseApplication.php, line 83
Cake\Http\Runner::__invoke() - CORE\src\Http\Runner.php, line 65
Cake\Routing\Middleware\RoutingMiddleware::__invoke() - CORE\src\Routing\Middleware\RoutingMiddleware.php, line 52
Cake\Http\Runner::__invoke() - CORE\src\Http\Runner.php, line 65
Cake\Routing\Middleware\AssetMiddleware::__invoke() - CORE\src\Routing\Middleware\AssetMiddleware.php, line 88
Cake\Http\Runner::__invoke() - CORE\src\Http\Runner.php, line 65
Cake\Error\Middleware\ErrorHandlerMiddleware::__invoke() - CORE\src\Error\Middleware\ErrorHandlerMiddleware.php, line 52
Cake\Http\Runner::__invoke() - CORE\src\Http\Runner.php, line 65
Cake\Http\Runner::run() - CORE\src\Http\Runner.php, line 51
Cake\Http\Server::run() - CORE\src\Http\Server.php, line 82
[main] - ROOT\webroot\index.php, line 37



2017-05-20 15:46:33 Warning: Warning (2): Invalid argument supplied for foreach() in [C:\xampp\htdocs\agenda\src\Template\Element\Forms\UsersForm.ctp, line 70]
Request URL: /agenda/users/put/2
Trace:
Cake\Error\BaseErrorHandler::handleError() - CORE\src\Error\BaseErrorHandler.php, line 146
include - APP/Template\Element\Forms\UsersForm.ctp, line 70
Cake\View\View::_evaluate() - CORE\src\View\View.php, line 1008
Cake\View\View::_render() - CORE\src\View\View.php, line 967
Cake\View\View::_renderElement() - CORE\src\View\View.php, line 1353
Cake\View\View::element() - CORE\src\View\View.php, line 496
include - APP/Template\Users\put.ctp, line 13
Cake\View\View::_evaluate() - CORE\src\View\View.php, line 1008
Cake\View\View::_render() - CORE\src\View\View.php, line 967
Cake\View\View::render() - CORE\src\View\View.php, line 591
Cake\Controller\Controller::render() - CORE\src\Controller\Controller.php, line 617
Cake\Http\ActionDispatcher::_invoke() - CORE\src\Http\ActionDispatcher.php, line 128
Cake\Http\ActionDispatcher::dispatch() - CORE\src\Http\ActionDispatcher.php, line 96
Cake\Http\BaseApplication::__invoke() - CORE\src\Http\BaseApplication.php, line 83
Cake\Http\Runner::__invoke() - CORE\src\Http\Runner.php, line 65
Cake\Routing\Middleware\RoutingMiddleware::__invoke() - CORE\src\Routing\Middleware\RoutingMiddleware.php, line 52
Cake\Http\Runner::__invoke() - CORE\src\Http\Runner.php, line 65
Cake\Routing\Middleware\AssetMiddleware::__invoke() - CORE\src\Routing\Middleware\AssetMiddleware.php, line 88
Cake\Http\Runner::__invoke() - CORE\src\Http\Runner.php, line 65
Cake\Error\Middleware\ErrorHandlerMiddleware::__invoke() - CORE\src\Error\Middleware\ErrorHandlerMiddleware.php, line 52
Cake\Http\Runner::__invoke() - CORE\src\Http\Runner.php, line 65
Cake\Http\Runner::run() - CORE\src\Http\Runner.php, line 51
Cake\Http\Server::run() - CORE\src\Http\Server.php, line 82
[main] - ROOT\webroot\index.php, line 37



2017-05-20 15:46:33 Warning: Warning (2): Invalid argument supplied for foreach() in [C:\xampp\htdocs\agenda\src\Template\Element\Forms\UsersForm.ctp, line 70]
Request URL: /agenda/users/put/2
Referer URL: http://localhost/agenda/users
Trace:
Cake\Error\BaseErrorHandler::handleError() - CORE\src\Error\BaseErrorHandler.php, line 146
include - APP/Template\Element\Forms\UsersForm.ctp, line 70
Cake\View\View::_evaluate() - CORE\src\View\View.php, line 1008
Cake\View\View::_render() - CORE\src\View\View.php, line 967
Cake\View\View::_renderElement() - CORE\src\View\View.php, line 1353
Cake\View\View::element() - CORE\src\View\View.php, line 496
include - APP/Template\Users\put.ctp, line 13
Cake\View\View::_evaluate() - CORE\src\View\View.php, line 1008
Cake\View\View::_render() - CORE\src\View\View.php, line 967
Cake\View\View::render() - CORE\src\View\View.php, line 591
Cake\Controller\Controller::render() - CORE\src\Controller\Controller.php, line 617
Cake\Http\ActionDispatcher::_invoke() - CORE\src\Http\ActionDispatcher.php, line 128
Cake\Http\ActionDispatcher::dispatch() - CORE\src\Http\ActionDispatcher.php, line 96
Cake\Http\BaseApplication::__invoke() - CORE\src\Http\BaseApplication.php, line 83
Cake\Http\Runner::__invoke() - CORE\src\Http\Runner.php, line 65
Cake\Routing\Middleware\RoutingMiddleware::__invoke() - CORE\src\Routing\Middleware\RoutingMiddleware.php, line 52
Cake\Http\Runner::__invoke() - CORE\src\Http\Runner.php, line 65
Cake\Routing\Middleware\AssetMiddleware::__invoke() - CORE\src\Routing\Middleware\AssetMiddleware.php, line 88
Cake\Http\Runner::__invoke() - CORE\src\Http\Runner.php, line 65
Cake\Error\Middleware\ErrorHandlerMiddleware::__invoke() - CORE\src\Error\Middleware\ErrorHandlerMiddleware.php, line 52
Cake\Http\Runner::__invoke() - CORE\src\Http\Runner.php, line 65
Cake\Http\Runner::run() - CORE\src\Http\Runner.php, line 51
Cake\Http\Server::run() - CORE\src\Http\Server.php, line 82
[main] - ROOT\webroot\index.php, line 37



2017-05-20 15:55:03 Warning: Headers already sent in C:\xampp\htdocs\agenda\vendor\cakephp\cakephp\src\Error\Debugger.php:753
2017-05-20 15:55:03 Error: [RuntimeException] Unable to emit response; headers already sent
Request URL: /agenda/users/put/2
Referer URL: http://localhost/agenda/users
Stack Trace:
#0 C:\xampp\htdocs\agenda\vendor\cakephp\cakephp\src\Http\Server.php(107): Zend\Diactoros\Response\SapiStreamEmitter->emit(Object(Zend\Diactoros\Response))
#1 C:\xampp\htdocs\agenda\webroot\index.php(37): Cake\Http\Server->emit(Object(Zend\Diactoros\Response))
#2 {main}


2017-05-20 20:51:58 Error: Fatal Error (1): Call to a member function find() on a non-object in [C:\xampp\htdocs\agenda\src\Controller\ConfiguracoesController.php, line 50]
Request URL: /agenda/configuracoes
Trace:
Cake\Error\BaseErrorHandler::handleFatalError() - CORE\src\Error\BaseErrorHandler.php, line 216
Cake\Error\BaseErrorHandler::Cake\Error\{closure}() - CORE\src\Error\BaseErrorHandler.php, line 98
[main] - [internal], line ??



2017-05-20 20:51:58 Error: [Cake\Error\FatalErrorException] Call to a member function find() on a non-object
Request URL: /agenda/configuracoes
Stack Trace:
#0 C:\xampp\htdocs\agenda\vendor\cakephp\cakephp\src\Error\BaseErrorHandler.php(98): Cake\Error\BaseErrorHandler->handleFatalError(1, 'Call to a membe...', 'C:\\xampp\\htdocs...', 50)
#1 [internal function]: Cake\Error\BaseErrorHandler->Cake\Error\{closure}()
#2 {main}


2017-05-26 20:31:23 Warning: Warning (2): Invalid argument supplied for foreach() in [C:\xampp\htdocs\agenda\src\Template\Clientes\index.ctp, line 27]
Request URL: /agenda/clientes
Referer URL: http://localhost/agenda/configuracoes
Trace:
Cake\Error\BaseErrorHandler::handleError() - CORE\src\Error\BaseErrorHandler.php, line 146
include - APP/Template\Clientes\index.ctp, line 27
Cake\View\View::_evaluate() - CORE\src\View\View.php, line 1008
Cake\View\View::_render() - CORE\src\View\View.php, line 967
Cake\View\View::render() - CORE\src\View\View.php, line 591
Cake\Controller\Controller::render() - CORE\src\Controller\Controller.php, line 617
Cake\Http\ActionDispatcher::_invoke() - CORE\src\Http\ActionDispatcher.php, line 128
Cake\Http\ActionDispatcher::dispatch() - CORE\src\Http\ActionDispatcher.php, line 96
Cake\Http\BaseApplication::__invoke() - CORE\src\Http\BaseApplication.php, line 83
Cake\Http\Runner::__invoke() - CORE\src\Http\Runner.php, line 65
Cake\Routing\Middleware\RoutingMiddleware::__invoke() - CORE\src\Routing\Middleware\RoutingMiddleware.php, line 52
Cake\Http\Runner::__invoke() - CORE\src\Http\Runner.php, line 65
Cake\Routing\Middleware\AssetMiddleware::__invoke() - CORE\src\Routing\Middleware\AssetMiddleware.php, line 88
Cake\Http\Runner::__invoke() - CORE\src\Http\Runner.php, line 65
Cake\Error\Middleware\ErrorHandlerMiddleware::__invoke() - CORE\src\Error\Middleware\ErrorHandlerMiddleware.php, line 52
Cake\Http\Runner::__invoke() - CORE\src\Http\Runner.php, line 65
Cake\Http\Runner::run() - CORE\src\Http\Runner.php, line 51
Cake\Http\Server::run() - CORE\src\Http\Server.php, line 82
[main] - ROOT\webroot\index.php, line 37



2017-05-26 20:32:02 Warning: Warning (2): Invalid argument supplied for foreach() in [C:\xampp\htdocs\agenda\src\Template\Clientes\index.ctp, line 27]
Request URL: /agenda/clientes
Referer URL: http://localhost/agenda/configuracoes
Trace:
Cake\Error\BaseErrorHandler::handleError() - CORE\src\Error\BaseErrorHandler.php, line 146
include - APP/Template\Clientes\index.ctp, line 27
Cake\View\View::_evaluate() - CORE\src\View\View.php, line 1008
Cake\View\View::_render() - CORE\src\View\View.php, line 967
Cake\View\View::render() - CORE\src\View\View.php, line 591
Cake\Controller\Controller::render() - CORE\src\Controller\Controller.php, line 617
Cake\Http\ActionDispatcher::_invoke() - CORE\src\Http\ActionDispatcher.php, line 128
Cake\Http\ActionDispatcher::dispatch() - CORE\src\Http\ActionDispatcher.php, line 96
Cake\Http\BaseApplication::__invoke() - CORE\src\Http\BaseApplication.php, line 83
Cake\Http\Runner::__invoke() - CORE\src\Http\Runner.php, line 65
Cake\Routing\Middleware\RoutingMiddleware::__invoke() - CORE\src\Routing\Middleware\RoutingMiddleware.php, line 52
Cake\Http\Runner::__invoke() - CORE\src\Http\Runner.php, line 65
Cake\Routing\Middleware\AssetMiddleware::__invoke() - CORE\src\Routing\Middleware\AssetMiddleware.php, line 88
Cake\Http\Runner::__invoke() - CORE\src\Http\Runner.php, line 65
Cake\Error\Middleware\ErrorHandlerMiddleware::__invoke() - CORE\src\Error\Middleware\ErrorHandlerMiddleware.php, line 52
Cake\Http\Runner::__invoke() - CORE\src\Http\Runner.php, line 65
Cake\Http\Runner::run() - CORE\src\Http\Runner.php, line 51
Cake\Http\Server::run() - CORE\src\Http\Server.php, line 82
[main] - ROOT\webroot\index.php, line 37



2017-05-26 20:32:06 Warning: Warning (2): Invalid argument supplied for foreach() in [C:\xampp\htdocs\agenda\src\Template\Clientes\index.ctp, line 27]
Request URL: /agenda/clientes
Referer URL: http://localhost/agenda/users
Trace:
Cake\Error\BaseErrorHandler::handleError() - CORE\src\Error\BaseErrorHandler.php, line 146
include - APP/Template\Clientes\index.ctp, line 27
Cake\View\View::_evaluate() - CORE\src\View\View.php, line 1008
Cake\View\View::_render() - CORE\src\View\View.php, line 967
Cake\View\View::render() - CORE\src\View\View.php, line 591
Cake\Controller\Controller::render() - CORE\src\Controller\Controller.php, line 617
Cake\Http\ActionDispatcher::_invoke() - CORE\src\Http\ActionDispatcher.php, line 128
Cake\Http\ActionDispatcher::dispatch() - CORE\src\Http\ActionDispatcher.php, line 96
Cake\Http\BaseApplication::__invoke() - CORE\src\Http\BaseApplication.php, line 83
Cake\Http\Runner::__invoke() - CORE\src\Http\Runner.php, line 65
Cake\Routing\Middleware\RoutingMiddleware::__invoke() - CORE\src\Routing\Middleware\RoutingMiddleware.php, line 52
Cake\Http\Runner::__invoke() - CORE\src\Http\Runner.php, line 65
Cake\Routing\Middleware\AssetMiddleware::__invoke() - CORE\src\Routing\Middleware\AssetMiddleware.php, line 88
Cake\Http\Runner::__invoke() - CORE\src\Http\Runner.php, line 65
Cake\Error\Middleware\ErrorHandlerMiddleware::__invoke() - CORE\src\Error\Middleware\ErrorHandlerMiddleware.php, line 52
Cake\Http\Runner::__invoke() - CORE\src\Http\Runner.php, line 65
Cake\Http\Runner::run() - CORE\src\Http\Runner.php, line 51
Cake\Http\Server::run() - CORE\src\Http\Server.php, line 82
[main] - ROOT\webroot\index.php, line 37



2017-10-17 20:01:58 Warning: Warning (2): Invalid argument supplied for foreach() in [C:\xampp\htdocs\agenda\src\Template\Clientes\index.ctp, line 27]
Request URL: /agenda/clientes
Referer URL: http://localhost/agenda/users
Trace:
Cake\Error\BaseErrorHandler::handleError() - CORE\src\Error\BaseErrorHandler.php, line 146
include - APP/Template\Clientes\index.ctp, line 27
Cake\View\View::_evaluate() - CORE\src\View\View.php, line 1008
Cake\View\View::_render() - CORE\src\View\View.php, line 967
Cake\View\View::render() - CORE\src\View\View.php, line 591
Cake\Controller\Controller::render() - CORE\src\Controller\Controller.php, line 617
Cake\Http\ActionDispatcher::_invoke() - CORE\src\Http\ActionDispatcher.php, line 128
Cake\Http\ActionDispatcher::dispatch() - CORE\src\Http\ActionDispatcher.php, line 96
Cake\Http\BaseApplication::__invoke() - CORE\src\Http\BaseApplication.php, line 83
Cake\Http\Runner::__invoke() - CORE\src\Http\Runner.php, line 65
Cake\Routing\Middleware\RoutingMiddleware::__invoke() - CORE\src\Routing\Middleware\RoutingMiddleware.php, line 52
Cake\Http\Runner::__invoke() - CORE\src\Http\Runner.php, line 65
Cake\Routing\Middleware\AssetMiddleware::__invoke() - CORE\src\Routing\Middleware\AssetMiddleware.php, line 88
Cake\Http\Runner::__invoke() - CORE\src\Http\Runner.php, line 65
Cake\Error\Middleware\ErrorHandlerMiddleware::__invoke() - CORE\src\Error\Middleware\ErrorHandlerMiddleware.php, line 52
Cake\Http\Runner::__invoke() - CORE\src\Http\Runner.php, line 65
Cake\Http\Runner::run() - CORE\src\Http\Runner.php, line 51
Cake\Http\Server::run() - CORE\src\Http\Server.php, line 82
[main] - ROOT\webroot\index.php, line 37



2017-10-17 20:02:06 Warning: Warning (2): Invalid argument supplied for foreach() in [C:\xampp\htdocs\agenda\src\Template\Clientes\index.ctp, line 27]
Request URL: /agenda/clientes
Referer URL: http://localhost/agenda/users
Trace:
Cake\Error\BaseErrorHandler::handleError() - CORE\src\Error\BaseErrorHandler.php, line 146
include - APP/Template\Clientes\index.ctp, line 27
Cake\View\View::_evaluate() - CORE\src\View\View.php, line 1008
Cake\View\View::_render() - CORE\src\View\View.php, line 967
Cake\View\View::render() - CORE\src\View\View.php, line 591
Cake\Controller\Controller::render() - CORE\src\Controller\Controller.php, line 617
Cake\Http\ActionDispatcher::_invoke() - CORE\src\Http\ActionDispatcher.php, line 128
Cake\Http\ActionDispatcher::dispatch() - CORE\src\Http\ActionDispatcher.php, line 96
Cake\Http\BaseApplication::__invoke() - CORE\src\Http\BaseApplication.php, line 83
Cake\Http\Runner::__invoke() - CORE\src\Http\Runner.php, line 65
Cake\Routing\Middleware\RoutingMiddleware::__invoke() - CORE\src\Routing\Middleware\RoutingMiddleware.php, line 52
Cake\Http\Runner::__invoke() - CORE\src\Http\Runner.php, line 65
Cake\Routing\Middleware\AssetMiddleware::__invoke() - CORE\src\Routing\Middleware\AssetMiddleware.php, line 88
Cake\Http\Runner::__invoke() - CORE\src\Http\Runner.php, line 65
Cake\Error\Middleware\ErrorHandlerMiddleware::__invoke() - CORE\src\Error\Middleware\ErrorHandlerMiddleware.php, line 52
Cake\Http\Runner::__invoke() - CORE\src\Http\Runner.php, line 65
Cake\Http\Runner::run() - CORE\src\Http\Runner.php, line 51
Cake\Http\Server::run() - CORE\src\Http\Server.php, line 82
[main] - ROOT\webroot\index.php, line 37



2017-10-18 00:50:36 Warning: Headers already sent in C:\xampp\htdocs\agenda\vendor\cakephp\cakephp\src\Error\Debugger.php:753
2017-10-18 00:50:36 Error: [RuntimeException] Unable to emit response; headers already sent
Request URL: /agenda/users/put/4
Referer URL: http://localhost/agenda/users
Stack Trace:
#0 C:\xampp\htdocs\agenda\vendor\cakephp\cakephp\src\Http\Server.php(107): Zend\Diactoros\Response\SapiStreamEmitter->emit(Object(Zend\Diactoros\Response))
#1 C:\xampp\htdocs\agenda\webroot\index.php(37): Cake\Http\Server->emit(Object(Zend\Diactoros\Response))
#2 {main}


